{"level":"info","message":"Wrong Details of card","timestamp":"2023-07-31T06:05:03.603Z"}
{"level":"info","message":{"__v":0,"_id":"64c358433bdfed877ac71b6a","author":"Gatsby","createdAt":"2023-07-28T05:55:15.823Z","genre":"fiction","price":30,"stock":1,"title":"Meri teessri","updatedAt":"2023-07-28T12:31:11.229Z"},"timestamp":"2023-07-31T06:33:48.357Z"}
{"level":"info","message":"done:","timestamp":"2023-07-31T06:33:48.360Z"}
{"level":"info","message":"Something went wrong. Stock:","timestamp":"2023-07-31T06:33:48.360Z"}
{"level":"info","message":{"__v":0,"_id":"64c358433bdfed877ac71b6a","author":"Gatsby","createdAt":"2023-07-28T05:55:15.823Z","genre":"fiction","price":30,"stock":1,"title":"Meri teessri","updatedAt":"2023-07-28T12:31:11.229Z"},"timestamp":"2023-07-31T06:34:03.907Z"}
{"level":"info","message":"done:","timestamp":"2023-07-31T06:34:03.908Z"}
{"level":"info","message":"Something went wrong. Stock:","timestamp":"2023-07-31T06:34:03.909Z"}
{"level":"info","message":{"__v":0,"_id":"64c358433bdfed877ac71b6a","author":"Gatsby","createdAt":"2023-07-28T05:55:15.823Z","genre":"fiction","price":30,"stock":1,"title":"Meri teessri","updatedAt":"2023-07-28T12:31:11.229Z"},"timestamp":"2023-07-31T06:36:27.114Z"}
{"level":"info","message":"done:","timestamp":"2023-07-31T06:36:27.122Z"}
{"level":"info","message":"Something went wrong. Stock:","timestamp":"2023-07-31T06:36:27.122Z"}
{"level":"info","message":{"__v":0,"_id":"64c358433bdfed877ac71b6a","author":"Gatsby","createdAt":"2023-07-28T05:55:15.823Z","genre":"fiction","price":30,"stock":1,"title":"Meri teessri","updatedAt":"2023-07-28T12:31:11.229Z"},"timestamp":"2023-07-31T06:44:24.345Z"}
{"level":"info","message":"done:","timestamp":"2023-07-31T06:44:24.350Z"}
{"level":"info","message":"Something went wrong. Stock:","timestamp":"2023-07-31T06:44:24.350Z"}
{"level":"info","message":{"__v":0,"_id":"64c358433bdfed877ac71b6a","author":"Gatsby","createdAt":"2023-07-28T05:55:15.823Z","genre":"fiction","price":30,"stock":1,"title":"Meri teessri","updatedAt":"2023-07-28T12:31:11.229Z"},"timestamp":"2023-07-31T06:52:43.480Z"}
{"level":"info","message":"done:","timestamp":"2023-07-31T06:52:43.482Z"}
{"level":"info","message":"Something went wrong. Stock:","timestamp":"2023-07-31T06:52:43.482Z"}
{"level":"info","message":{"__v":0,"_id":"64c358433bdfed877ac71b6a","author":"Gatsby","createdAt":"2023-07-28T05:55:15.823Z","genre":"fiction","price":30,"stock":1,"title":"Meri teessri","updatedAt":"2023-07-28T12:31:11.229Z"},"timestamp":"2023-07-31T07:01:28.397Z"}
{"level":"info","message":"done:","timestamp":"2023-07-31T07:01:28.408Z"}
{"level":"info","message":"Something went wrong. Stock:","timestamp":"2023-07-31T07:01:28.408Z"}
{"level":"info","message":{"__v":0,"_id":"64c358433bdfed877ac71b6a","author":"Gatsby","createdAt":"2023-07-28T05:55:15.823Z","genre":"fiction","price":30,"stock":1,"title":"Meri teessri","updatedAt":"2023-07-28T12:31:11.229Z"},"timestamp":"2023-07-31T07:04:07.648Z"}
{"level":"info","message":"done:","timestamp":"2023-07-31T07:04:07.654Z"}
{"level":"error","message":"Something went wrong. Line 165 Stock:","timestamp":"2023-07-31T07:04:07.654Z"}
{"level":"info","message":{"__v":0,"_id":"64c358433bdfed877ac71b6a","author":"Gatsby","createdAt":"2023-07-28T05:55:15.823Z","genre":"fiction","price":30,"stock":1,"title":"Meri teessri","updatedAt":"2023-07-28T12:31:11.229Z"},"timestamp":"2023-07-31T07:04:59.379Z"}
{"level":"info","message":"done:","timestamp":"2023-07-31T07:04:59.390Z"}
{"level":"error","message":"Something went wrong. Line 165 Stock:","timestamp":"2023-07-31T07:04:59.390Z"}
{"level":"info","message":{"__v":0,"_id":"64c358433bdfed877ac71b6a","author":"Gatsby","createdAt":"2023-07-28T05:55:15.823Z","genre":"fiction","price":30,"stock":1,"title":"Meri teessri","updatedAt":"2023-07-28T12:31:11.229Z"},"timestamp":"2023-07-31T07:05:19.447Z"}
{"level":"info","message":"done:","timestamp":"2023-07-31T07:05:19.453Z"}
{"level":"error","message":"Something went wrong. Line 165 Error: ","timestamp":"2023-07-31T07:05:19.453Z"}
{"level":"info","message":{"__v":0,"_id":"64c358433bdfed877ac71b6a","author":"Gatsby","createdAt":"2023-07-28T05:55:15.823Z","genre":"fiction","price":30,"stock":1,"title":"Meri teessri","updatedAt":"2023-07-28T12:31:11.229Z"},"timestamp":"2023-07-31T07:09:06.177Z"}
{"level":"info","message":"Reached line 114","timestamp":"2023-07-31T07:09:06.179Z"}
{"level":"info","message":"done:","timestamp":"2023-07-31T07:09:06.181Z"}
{"level":"error","message":"Something went wrong. Line 165 Error: ","timestamp":"2023-07-31T07:09:06.181Z"}
{"level":"info","message":{"__v":0,"_id":"64c358433bdfed877ac71b6a","author":"Gatsby","createdAt":"2023-07-28T05:55:15.823Z","genre":"fiction","price":30,"stock":1,"title":"Meri teessri","updatedAt":"2023-07-28T12:31:11.229Z"},"timestamp":"2023-07-31T07:14:41.492Z"}
{"level":"info","message":"Reached line 114","timestamp":"2023-07-31T07:14:41.494Z"}
{"level":"info","message":" at line 117 done:","timestamp":"2023-07-31T07:14:41.496Z"}
{"level":"error","message":"Something went wrong. Line 165 Error:  body is not defined","stack":"ReferenceError: body is not defined\n    at /Users/lavish.singhal/demoo_filr/node-js_course/Bookstore_REST_APi_server/Nodejs Assignment/routers/books.js:128:9\n    at process.processTicksAndRejections (node:internal/process/task_queues:95:5)","timestamp":"2023-07-31T07:14:41.496Z"}
{"level":"info","message":{"__v":0,"_id":"64c358433bdfed877ac71b6a","author":"Gatsby","createdAt":"2023-07-28T05:55:15.823Z","genre":"fiction","price":30,"stock":1,"title":"Meri teessri","updatedAt":"2023-07-28T12:31:11.229Z"},"timestamp":"2023-07-31T07:17:33.323Z"}
{"level":"info","message":"Reached line 114","timestamp":"2023-07-31T07:17:33.326Z"}
{"level":"info","message":" at line 117 done:","timestamp":"2023-07-31T07:17:33.328Z"}
{"level":"error","message":"Something went wrong. Line 165 Error:  body is not defined","stack":"ReferenceError: body is not defined\n    at /Users/lavish.singhal/demoo_filr/node-js_course/Bookstore_REST_APi_server/Nodejs Assignment/routers/books.js:129:9\n    at process.processTicksAndRejections (node:internal/process/task_queues:95:5)","timestamp":"2023-07-31T07:17:33.330Z"}
{"level":"info","message":{"__v":0,"_id":"64c358433bdfed877ac71b6a","author":"Gatsby","createdAt":"2023-07-28T05:55:15.823Z","genre":"fiction","price":30,"stock":1,"title":"Meri teessri","updatedAt":"2023-07-28T12:31:11.229Z"},"timestamp":"2023-07-31T07:22:24.734Z"}
{"level":"info","message":"Reached line 114","timestamp":"2023-07-31T07:22:24.744Z"}
{"level":"info","message":" at line 117 done:","timestamp":"2023-07-31T07:22:24.747Z"}
{"level":"error","message":"Something went wrong. Line 165 Error:  body is not defined","stack":"ReferenceError: body is not defined\n    at /Users/lavish.singhal/demoo_filr/node-js_course/Bookstore_REST_APi_server/Nodejs Assignment/routers/books.js:129:35\n    at process.processTicksAndRejections (node:internal/process/task_queues:95:5)","timestamp":"2023-07-31T07:22:24.749Z"}
{"level":"info","message":{"__v":0,"_id":"64c358433bdfed877ac71b6a","author":"Gatsby","createdAt":"2023-07-28T05:55:15.823Z","genre":"fiction","price":30,"stock":1,"title":"Meri teessri","updatedAt":"2023-07-28T12:31:11.229Z"},"timestamp":"2023-07-31T07:25:43.209Z"}
{"level":"info","message":"Reached line 114","timestamp":"2023-07-31T07:25:43.213Z"}
{"level":"info","message":" at line 117 done:","timestamp":"2023-07-31T07:25:43.215Z"}
{"level":"error","message":"Something went wrong. Line 165 Error:  body is not defined","stack":"ReferenceError: body is not defined\n    at /Users/lavish.singhal/demoo_filr/node-js_course/Bookstore_REST_APi_server/Nodejs Assignment/routers/books.js:130:9\n    at process.processTicksAndRejections (node:internal/process/task_queues:95:5)","timestamp":"2023-07-31T07:25:43.217Z"}
{"level":"info","message":{"__v":0,"_id":"64c358433bdfed877ac71b6a","author":"Gatsby","createdAt":"2023-07-28T05:55:15.823Z","genre":"fiction","price":30,"stock":1,"title":"Meri teessri","updatedAt":"2023-07-28T12:31:11.229Z"},"timestamp":"2023-07-31T07:26:44.937Z"}
{"level":"info","message":"Reached line 114","timestamp":"2023-07-31T07:26:44.941Z"}
{"level":"info","message":" at line 117 done:","timestamp":"2023-07-31T07:26:44.943Z"}
{"level":"info","message":{"__v":0,"_id":"64c358433bdfed877ac71b6a","author":"Gatsby","createdAt":"2023-07-28T05:55:15.823Z","genre":"fiction","price":30,"stock":1,"title":"Meri teessri","updatedAt":"2023-07-28T12:31:11.229Z"},"timestamp":"2023-07-31T07:27:04.377Z"}
{"level":"info","message":{"__v":0,"_id":"64c358433bdfed877ac71b6a","author":"Gatsby","createdAt":"2023-07-28T05:55:15.823Z","genre":"fiction","price":30,"stock":1,"title":"Meri teessri","updatedAt":"2023-07-28T12:31:11.229Z"},"timestamp":"2023-07-31T07:27:48.679Z"}
{"level":"info","message":"Reached line 114","timestamp":"2023-07-31T07:27:48.683Z"}
{"level":"info","message":" at line 117 done:","timestamp":"2023-07-31T07:27:48.684Z"}
{"level":"info","message":{"__v":0,"_id":"64c358433bdfed877ac71b6a","author":"Gatsby","createdAt":"2023-07-28T05:55:15.823Z","genre":"fiction","price":30,"stock":1,"title":"Meri teessri","updatedAt":"2023-07-28T12:31:11.229Z"},"timestamp":"2023-07-31T07:42:22.359Z"}
{"level":"info","message":"Reached line 114","timestamp":"2023-07-31T07:42:22.369Z"}
{"level":"info","message":" at line 117 done:","timestamp":"2023-07-31T07:42:22.372Z"}
{"level":"info","message":{"__v":0,"_id":"64c358433bdfed877ac71b6a","author":"Gatsby","createdAt":"2023-07-28T05:55:15.823Z","genre":"fiction","price":30,"stock":1,"title":"Meri teessri","updatedAt":"2023-07-28T12:31:11.229Z"},"timestamp":"2023-07-31T07:57:50.312Z"}
{"level":"info","message":"Reached line 114","timestamp":"2023-07-31T07:57:50.322Z"}
{"level":"info","message":" at line 117 done:","timestamp":"2023-07-31T07:57:50.325Z"}
{"level":"warn","message":"Cast to ObjectId failed for value \"64c358433bdfed877ac71ba\" (type string) at path \"_id\" for model \"Books\"","timestamp":"2023-07-31T08:04:47.194Z"}
{"level":"warn","message":" in Get book by id","timestamp":"2023-07-31T08:06:48.340Z"}
{"level":"warn","message":" in Get book by id","timestamp":"2023-07-31T08:07:03.785Z"}
{"level":"warn","message":" in Get book by id","timestamp":"2023-07-31T08:07:37.564Z"}
{"level":"warn","message":" in Get book by id","timestamp":"2023-07-31T08:11:40.013Z"}
{"kind":"ObjectId","message":"Cast to ObjectId failed for value \"64c358433bdfed877ac71b6\" (type string) at path \"_id\" for model \"Books\"","name":"CastError","path":"_id","reason":{},"stringValue":"\"64c358433bdfed877ac71b6\"","value":"64c358433bdfed877ac71b6","valueType":"string"}
{"level":"info","message":{"__v":0,"_id":"64c358433bdfed877ac71b6a","author":"Gatsby","createdAt":"2023-07-28T05:55:15.823Z","genre":"fiction","price":30,"stock":1,"title":"Meri teessri","updatedAt":"2023-07-28T12:31:11.229Z"},"timestamp":"2023-07-31T09:17:07.279Z"}
{"level":"info","message":"in buy book else condition","timestamp":"2023-07-31T09:17:07.279Z"}
{"level":"info","message":" at line 117 done:","timestamp":"2023-07-31T09:17:07.283Z"}
{"level":"info","message":{"__v":0,"_id":"64c358433bdfed877ac71b6a","author":"Gatsby","createdAt":"2023-07-28T05:55:15.823Z","genre":"fiction","price":30,"stock":1,"title":"Meri teessri","updatedAt":"2023-07-28T12:31:11.229Z"},"timestamp":"2023-07-31T09:25:35.554Z"}
{"level":"info","message":"in buy book else condition","timestamp":"2023-07-31T09:25:35.558Z"}
{"level":"info","message":" at line 117 done:","timestamp":"2023-07-31T09:25:35.560Z"}
{"level":"info","message":"Wrong Details of card","timestamp":"2023-07-31T09:25:37.462Z"}
{"level":"info","message":"to check stock after updating holder:","timestamp":"2023-07-31T09:25:37.467Z"}
{"level":"info","message":"Saved","timestamp":"2023-07-31T09:25:37.467Z"}
{"level":"info","message":{"__v":0,"_id":"64c358433bdfed877ac71b6a","author":"Gatsby","createdAt":"2023-07-28T05:55:15.823Z","genre":"fiction","price":30,"stock":1,"title":"Meri teessri","updatedAt":"2023-07-28T12:31:11.229Z"},"timestamp":"2023-07-31T09:26:12.444Z"}
{"level":"info","message":"in buy book else condition","timestamp":"2023-07-31T09:26:12.447Z"}
{"level":"info","message":" at line 117 done:","timestamp":"2023-07-31T09:26:12.449Z"}
{"level":"error","message":"","timestamp":"2023-07-31T09:26:12.995Z"}
{"level":"info","message":"to check stock after updating holder:","timestamp":"2023-07-31T09:26:12.999Z"}
{"level":"info","message":"Saved","timestamp":"2023-07-31T09:26:13.001Z"}
{"level":"info","message":{"__v":0,"_id":"64c358433bdfed877ac71b6a","author":"Gatsby","createdAt":"2023-07-28T05:55:15.823Z","genre":"fiction","price":30,"stock":1,"title":"Meri teessri","updatedAt":"2023-07-28T12:31:11.229Z"},"timestamp":"2023-07-31T09:27:33.292Z"}
{"level":"info","message":"in buy book else condition","timestamp":"2023-07-31T09:27:33.294Z"}
{"level":"info","message":" at line 117 done:","timestamp":"2023-07-31T09:27:33.296Z"}
{"level":"info","message":"Wrong Details of card","timestamp":"2023-07-31T09:27:33.819Z"}
{"level":"info","message":"to check stock after updating holder:","timestamp":"2023-07-31T09:27:33.824Z"}
{"level":"info","message":"Saved","timestamp":"2023-07-31T09:27:33.825Z"}
{"level":"info","message":{"__v":0,"_id":"64c358433bdfed877ac71b6a","author":"Gatsby","createdAt":"2023-07-28T05:55:15.823Z","genre":"fiction","price":30,"stock":1,"title":"Meri teessri","updatedAt":"2023-07-28T12:31:11.229Z"},"timestamp":"2023-07-31T09:28:02.883Z"}
{"level":"info","message":"in buy book else condition","timestamp":"2023-07-31T09:28:02.887Z"}
{"level":"info","message":" at line 117 done:","timestamp":"2023-07-31T09:28:02.889Z"}
{"level":"info","message":"Wrong Details of card","timestamp":"2023-07-31T09:28:03.400Z"}
{"level":"info","message":"to check stock after updating holder:","timestamp":"2023-07-31T09:28:03.404Z"}
{"level":"info","message":"Saved","timestamp":"2023-07-31T09:28:03.405Z"}
{"level":"info","message":{"__v":0,"_id":"64c358433bdfed877ac71b6a","author":"Gatsby","createdAt":"2023-07-28T05:55:15.823Z","genre":"fiction","price":30,"stock":1,"title":"Meri teessri","updatedAt":"2023-07-28T12:31:11.229Z"},"timestamp":"2023-07-31T09:28:22.888Z"}
{"level":"info","message":"in buy book else condition","timestamp":"2023-07-31T09:28:22.891Z"}
{"level":"info","message":" at line 117 done:","timestamp":"2023-07-31T09:28:22.892Z"}
{"level":"info","message":{"__v":0,"_id":"64c358433bdfed877ac71b6a","author":"Gatsby","createdAt":"2023-07-28T05:55:15.823Z","genre":"fiction","price":30,"stock":1,"title":"Meri teessri","updatedAt":"2023-07-28T12:31:11.229Z"},"timestamp":"2023-07-31T09:28:51.677Z"}
{"level":"info","message":"in buy book else condition","timestamp":"2023-07-31T09:28:51.681Z"}
{"level":"info","message":" at line 117 done:","timestamp":"2023-07-31T09:28:51.683Z"}
{"level":"info","message":"Wrong Details of card","timestamp":"2023-07-31T09:28:52.193Z"}
{"level":"info","message":"to check stock after updating holder:","timestamp":"2023-07-31T09:28:52.197Z"}
{"level":"info","message":"Saved","timestamp":"2023-07-31T09:28:52.197Z"}
{"level":"info","message":{"__v":0,"_id":"64c358433bdfed877ac71b6a","author":"Gatsby","createdAt":"2023-07-28T05:55:15.823Z","genre":"fiction","price":30,"stock":1,"title":"Meri teessri","updatedAt":"2023-07-28T12:31:11.229Z"},"timestamp":"2023-07-31T09:30:13.541Z"}
{"level":"info","message":"in buy book else condition","timestamp":"2023-07-31T09:30:13.542Z"}
{"level":"info","message":" at line 117 done:","timestamp":"2023-07-31T09:30:13.543Z"}
{"level":"info","message":"Wrong Details of card","timestamp":"2023-07-31T09:30:14.161Z"}
{"level":"info","message":"to check stock after updating holder:","timestamp":"2023-07-31T09:30:14.163Z"}
{"level":"info","message":"Saved","timestamp":"2023-07-31T09:30:14.163Z"}
{"level":"info","message":{"__v":0,"_id":"64c358433bdfed877ac71b6a","author":"Gatsby","createdAt":"2023-07-28T05:55:15.823Z","genre":"fiction","price":30,"stock":1,"title":"Meri teessri","updatedAt":"2023-07-28T12:31:11.229Z"},"timestamp":"2023-07-31T09:35:13.121Z"}
{"level":"info","message":"in buy book else condition","timestamp":"2023-07-31T09:35:13.124Z"}
{"level":"info","message":" at line 117 done:","timestamp":"2023-07-31T09:35:13.126Z"}
{"level":"info","message":"Wrong Details of card","timestamp":"2023-07-31T09:35:15.053Z"}
{"level":"info","message":"to check stock after updating holder:","timestamp":"2023-07-31T09:35:15.059Z"}
{"level":"info","message":"Saved","timestamp":"2023-07-31T09:35:15.059Z"}
{"level":"info","message":{"__v":0,"_id":"64c358433bdfed877ac71b6a","author":"Gatsby","createdAt":"2023-07-28T05:55:15.823Z","genre":"fiction","price":30,"stock":1,"title":"Meri teessri","updatedAt":"2023-07-28T12:31:11.229Z"},"timestamp":"2023-07-31T09:36:04.984Z"}
{"level":"info","message":"in buy book else condition","timestamp":"2023-07-31T09:36:04.987Z"}
{"level":"info","message":" at line 117 done:","timestamp":"2023-07-31T09:36:04.989Z"}
{"level":"info","message":"Wrong Details of card","timestamp":"2023-07-31T09:36:05.514Z"}
{"level":"info","message":"to check stock after updating holder:","timestamp":"2023-07-31T09:36:05.519Z"}
{"level":"info","message":"Saved","timestamp":"2023-07-31T09:36:05.519Z"}
{"level":"info","message":{"__v":0,"_id":"64c358433bdfed877ac71b6a","author":"Gatsby","createdAt":"2023-07-28T05:55:15.823Z","genre":"fiction","price":30,"stock":1,"title":"Meri teessri","updatedAt":"2023-07-28T12:31:11.229Z"},"timestamp":"2023-07-31T09:36:38.531Z"}
{"level":"info","message":"in buy book else condition","timestamp":"2023-07-31T09:36:38.535Z"}
{"level":"info","message":" at line 117 done:","timestamp":"2023-07-31T09:36:38.536Z"}
{"level":"info","message":{"__v":0,"_id":"64c358433bdfed877ac71b6a","author":"Gatsby","createdAt":"2023-07-28T05:55:15.823Z","genre":"fiction","price":30,"stock":1,"title":"Meri teessri","updatedAt":"2023-07-28T12:31:11.229Z"},"timestamp":"2023-07-31T09:36:52.630Z"}
{"level":"info","message":"in buy book else condition","timestamp":"2023-07-31T09:36:52.633Z"}
{"level":"info","message":" at line 117 done:","timestamp":"2023-07-31T09:36:52.636Z"}
{"level":"info","message":"Wrong Details of card","timestamp":"2023-07-31T09:36:53.173Z"}
{"level":"info","message":"to check stock after updating holder:","timestamp":"2023-07-31T09:36:53.178Z"}
{"level":"info","message":"Saved","timestamp":"2023-07-31T09:36:53.178Z"}
{"level":"info","message":{"__v":0,"_id":"64c358433bdfed877ac71b6a","author":"Gatsby","createdAt":"2023-07-28T05:55:15.823Z","genre":"fiction","price":30,"stock":1,"title":"Meri teessri","updatedAt":"2023-07-28T12:31:11.229Z"},"timestamp":"2023-07-31T09:37:17.604Z"}
{"level":"info","message":"in buy book else condition","timestamp":"2023-07-31T09:37:17.607Z"}
{"level":"info","message":" at line 117 done:","timestamp":"2023-07-31T09:37:17.608Z"}
{"level":"info","message":"Wrong Details of card","timestamp":"2023-07-31T09:37:18.176Z"}
{"level":"info","message":"to check stock after updating holder:","timestamp":"2023-07-31T09:37:18.181Z"}
{"level":"info","message":"Saved","timestamp":"2023-07-31T09:37:18.182Z"}
{"level":"info","message":{"__v":0,"_id":"64c358433bdfed877ac71b6a","author":"Gatsby","createdAt":"2023-07-28T05:55:15.823Z","genre":"fiction","price":30,"stock":1,"title":"Meri teessri","updatedAt":"2023-07-28T12:31:11.229Z"},"timestamp":"2023-07-31T09:37:33.215Z"}
{"level":"info","message":"in buy book else condition","timestamp":"2023-07-31T09:37:33.219Z"}
{"level":"info","message":" at line 117 done:","timestamp":"2023-07-31T09:37:33.222Z"}
{"level":"info","message":"Wrong Details of card","timestamp":"2023-07-31T09:37:33.905Z"}
{"level":"info","message":"to check stock after updating holder:","timestamp":"2023-07-31T09:37:33.910Z"}
{"level":"info","message":"Saved","timestamp":"2023-07-31T09:37:33.911Z"}
{"level":"info","message":{"__v":0,"_id":"64c358433bdfed877ac71b6a","author":"Gatsby","createdAt":"2023-07-28T05:55:15.823Z","genre":"fiction","price":30,"stock":1,"title":"Meri teessri","updatedAt":"2023-07-28T12:31:11.229Z"},"timestamp":"2023-07-31T09:39:13.391Z"}
{"level":"info","message":"in buy book else condition","timestamp":"2023-07-31T09:39:13.396Z"}
{"level":"info","message":" at line 117 done:","timestamp":"2023-07-31T09:39:13.398Z"}
{"level":"info","message":"Wrong Details of card","timestamp":"2023-07-31T09:39:13.976Z"}
{"level":"info","message":"to check stock after updating holder:","timestamp":"2023-07-31T09:39:13.982Z"}
{"level":"info","message":"Saved","timestamp":"2023-07-31T09:39:13.983Z"}
{"level":"info","message":{"__v":0,"_id":"64c358433bdfed877ac71b6a","author":"Gatsby","createdAt":"2023-07-28T05:55:15.823Z","genre":"fiction","price":30,"stock":1,"title":"Meri teessri","updatedAt":"2023-07-28T12:31:11.229Z"},"timestamp":"2023-07-31T09:39:32.477Z"}
{"level":"info","message":"in buy book else condition","timestamp":"2023-07-31T09:39:32.480Z"}
{"level":"info","message":" at line 117 done:","timestamp":"2023-07-31T09:39:32.483Z"}
{"level":"info","message":"Wrong Details of card","timestamp":"2023-07-31T09:39:33.056Z"}
{"level":"info","message":"to check stock after updating holder:","timestamp":"2023-07-31T09:39:33.061Z"}
{"level":"info","message":"Saved","timestamp":"2023-07-31T09:39:33.061Z"}
{"level":"info","message":{"__v":0,"_id":"64c358433bdfed877ac71b6a","author":"Gatsby","createdAt":"2023-07-28T05:55:15.823Z","genre":"fiction","price":30,"stock":1,"title":"Meri teessri","updatedAt":"2023-07-28T12:31:11.229Z"},"timestamp":"2023-07-31T09:41:57.257Z"}
{"level":"info","message":"in buy book else condition","timestamp":"2023-07-31T09:41:57.259Z"}
{"level":"info","message":" at line 117 done:","timestamp":"2023-07-31T09:41:57.260Z"}
{"level":"info","message":"Wrong Details of card","timestamp":"2023-07-31T09:41:57.792Z"}
{"level":"info","message":"to check stock after updating holder:","timestamp":"2023-07-31T09:41:57.797Z"}
{"level":"info","message":"Saved","timestamp":"2023-07-31T09:41:57.797Z"}
{"level":"info","message":{"__v":0,"_id":"64c358433bdfed877ac71b6a","author":"Gatsby","createdAt":"2023-07-28T05:55:15.823Z","genre":"fiction","price":30,"stock":1,"title":"Meri teessri","updatedAt":"2023-07-28T12:31:11.229Z"},"timestamp":"2023-07-31T09:42:15.312Z"}
{"level":"info","message":"in buy book else condition","timestamp":"2023-07-31T09:42:15.315Z"}
{"level":"info","message":" at line 117 done:","timestamp":"2023-07-31T09:42:15.318Z"}
{"level":"info","message":"Wrong Details of card","timestamp":"2023-07-31T09:42:15.832Z"}
{"level":"info","message":"to check stock after updating holder:","timestamp":"2023-07-31T09:42:15.838Z"}
{"level":"info","message":"Saved","timestamp":"2023-07-31T09:42:15.838Z"}
{"level":"info","message":{"__v":0,"_id":"64c358433bdfed877ac71b6a","author":"Gatsby","createdAt":"2023-07-28T05:55:15.823Z","genre":"fiction","price":30,"stock":1,"title":"Meri teessri","updatedAt":"2023-07-28T12:31:11.229Z"},"timestamp":"2023-07-31T09:43:53.914Z"}
{"level":"info","message":"in buy book else condition","timestamp":"2023-07-31T09:43:53.918Z"}
{"level":"info","message":" at line 117 done:","timestamp":"2023-07-31T09:43:53.920Z"}
{"level":"error","message":"Invalid URI \"/\"","timestamp":"2023-07-31T09:43:53.923Z"}
{"level":"info","message":"to check stock after updating holder:","timestamp":"2023-07-31T09:43:53.925Z"}
{"level":"info","message":"Saved","timestamp":"2023-07-31T09:43:53.925Z"}
{"level":"info","message":{"__v":0,"_id":"64c358433bdfed877ac71b6a","author":"Gatsby","createdAt":"2023-07-28T05:55:15.823Z","genre":"fiction","price":30,"stock":1,"title":"Meri teessri","updatedAt":"2023-07-28T12:31:11.229Z"},"timestamp":"2023-07-31T09:44:35.861Z"}
{"level":"info","message":"in buy book else condition","timestamp":"2023-07-31T09:44:35.865Z"}
{"level":"info","message":" at line 117 done:","timestamp":"2023-07-31T09:44:35.868Z"}
{"level":"error","message":"Invalid URI \"/\"","timestamp":"2023-07-31T09:44:35.872Z"}
{"level":"info","message":"to check stock after updating holder:","timestamp":"2023-07-31T09:44:35.873Z"}
{"level":"info","message":"Saved","timestamp":"2023-07-31T09:44:35.873Z"}
{"level":"info","message":{"__v":0,"_id":"64c358433bdfed877ac71b6a","author":"Gatsby","createdAt":"2023-07-28T05:55:15.823Z","genre":"fiction","price":30,"stock":1,"title":"Meri teessri","updatedAt":"2023-07-28T12:31:11.229Z"},"timestamp":"2023-07-31T09:45:33.170Z"}
{"level":"info","message":"in buy book else condition","timestamp":"2023-07-31T09:45:33.172Z"}
{"level":"info","message":" at line 117 done:","timestamp":"2023-07-31T09:45:33.173Z"}
{"level":"info","message":{"__v":0,"_id":"64c358433bdfed877ac71b6a","author":"Gatsby","createdAt":"2023-07-28T05:55:15.823Z","genre":"fiction","price":30,"stock":1,"title":"Meri teessri","updatedAt":"2023-07-28T12:31:11.229Z"},"timestamp":"2023-07-31T09:56:13.229Z"}
{"level":"info","message":"in buy book else condition","timestamp":"2023-07-31T09:56:13.231Z"}
{"level":"info","message":" at line 117 done:","timestamp":"2023-07-31T09:56:13.232Z"}
{"level":"info","message":{"__v":0,"_id":"64c358433bdfed877ac71b6a","author":"Gatsby","createdAt":"2023-07-28T05:55:15.823Z","genre":"fiction","price":30,"stock":1,"title":"Meri teessri","updatedAt":"2023-07-28T12:31:11.229Z"},"timestamp":"2023-07-31T09:59:23.167Z"}
{"level":"info","message":"in buy book else condition","timestamp":"2023-07-31T09:59:23.171Z"}
{"level":"info","message":" at line 117 done:","timestamp":"2023-07-31T09:59:23.173Z"}
{"level":"info","message":{"__v":0,"_id":"64c358433bdfed877ac71b6a","author":"Gatsby","createdAt":"2023-07-28T05:55:15.823Z","genre":"fiction","price":30,"stock":1,"title":"Meri teessri","updatedAt":"2023-07-28T12:31:11.229Z"},"timestamp":"2023-07-31T16:37:34.455Z"}
{"level":"info","message":"in buy book else condition","timestamp":"2023-07-31T16:37:34.461Z"}
{"level":"info","message":" at line 117 done:","timestamp":"2023-07-31T16:37:34.463Z"}
{"level":"info","message":{"__v":0,"_id":"64c358433bdfed877ac71b6a","author":"Gatsby","createdAt":"2023-07-28T05:55:15.823Z","genre":"fiction","price":30,"stock":1,"title":"Meri teessri","updatedAt":"2023-07-28T12:31:11.229Z"},"timestamp":"2023-08-01T06:10:01.296Z"}
{"level":"info","message":"in buy book else condition","timestamp":"2023-08-01T06:10:01.301Z"}
{"level":"info","message":" at line 117 done:","timestamp":"2023-08-01T06:10:01.303Z"}
{"level":"info","message":{"__v":0,"_id":"64c358433bdfed877ac71b6a","author":"Gatsby","createdAt":"2023-07-28T05:55:15.823Z","genre":"fiction","price":30,"stock":1,"title":"Meri teessri","updatedAt":"2023-07-28T12:31:11.229Z"},"timestamp":"2023-08-01T06:19:39.856Z"}
{"level":"info","message":"in buy book else condition","timestamp":"2023-08-01T06:19:39.859Z"}
{"level":"info","message":" at line 117 done:","timestamp":"2023-08-01T06:19:39.861Z"}
{"level":"info","message":"Wrong Details of card","timestamp":"2023-08-01T06:19:41.722Z"}
{"level":"info","message":"to check stock after updating holder:","timestamp":"2023-08-01T06:19:41.725Z"}
{"level":"info","message":"Saved","timestamp":"2023-08-01T06:19:41.725Z"}
{"level":"info","message":{"__v":0,"_id":"64c358433bdfed877ac71b6a","author":"Gatsby","createdAt":"2023-07-28T05:55:15.823Z","genre":"fiction","price":30,"stock":1,"title":"Meri teessri","updatedAt":"2023-07-28T12:31:11.229Z"},"timestamp":"2023-08-01T06:21:18.747Z"}
{"level":"info","message":"in buy book else condition","timestamp":"2023-08-01T06:21:18.750Z"}
{"level":"info","message":" at line 117 done:","timestamp":"2023-08-01T06:21:18.752Z"}
{"level":"info","message":{"__v":0,"_id":"64c358433bdfed877ac71b6a","author":"Gatsby","createdAt":"2023-07-28T05:55:15.823Z","genre":"fiction","price":30,"stock":1,"title":"Meri teessri","updatedAt":"2023-07-28T12:31:11.229Z"},"timestamp":"2023-08-01T06:28:55.195Z"}
{"level":"info","message":"in buy book else condition","timestamp":"2023-08-01T06:28:55.199Z"}
{"level":"info","message":" at line 117 done:","timestamp":"2023-08-01T06:28:55.201Z"}
{"level":"info","message":"Wrong Details of card","timestamp":"2023-08-01T06:28:56.049Z"}
{"level":"info","message":"to check stock after updating holder:","timestamp":"2023-08-01T06:28:56.053Z"}
{"level":"info","message":"Saved","timestamp":"2023-08-01T06:28:56.054Z"}
{"level":"info","message":{"__v":0,"_id":"64c358433bdfed877ac71b6a","author":"Gatsby","createdAt":"2023-07-28T05:55:15.823Z","genre":"fiction","price":30,"stock":1,"title":"Meri teessri","updatedAt":"2023-07-28T12:31:11.229Z"},"timestamp":"2023-08-01T06:31:55.179Z"}
{"level":"info","message":"in buy book else condition","timestamp":"2023-08-01T06:31:55.182Z"}
{"level":"info","message":" at line 117 done:","timestamp":"2023-08-01T06:31:55.184Z"}
{"level":"info","message":"Wrong Details of card","timestamp":"2023-08-01T06:31:56.359Z"}
{"level":"info","message":"to check stock after updating holder:","timestamp":"2023-08-01T06:31:56.361Z"}
{"level":"info","message":"Saved","timestamp":"2023-08-01T06:31:56.362Z"}
{"level":"info","message":{"__v":0,"_id":"64c358433bdfed877ac71b6a","author":"Gatsby","createdAt":"2023-07-28T05:55:15.823Z","genre":"fiction","price":30,"stock":1,"title":"Meri teessri","updatedAt":"2023-07-28T12:31:11.229Z"},"timestamp":"2023-08-01T06:32:49.522Z"}
{"level":"info","message":"in buy book else condition","timestamp":"2023-08-01T06:32:49.525Z"}
{"level":"info","message":" at line 117 done:","timestamp":"2023-08-01T06:32:49.527Z"}
{"level":"info","message":"Wrong Details of card","timestamp":"2023-08-01T06:32:50.322Z"}
{"level":"info","message":"to check stock after updating holder:","timestamp":"2023-08-01T06:32:50.326Z"}
{"level":"info","message":"Saved","timestamp":"2023-08-01T06:32:50.326Z"}
{"level":"info","message":{"__v":0,"_id":"64c358433bdfed877ac71b6a","author":"Gatsby","createdAt":"2023-07-28T05:55:15.823Z","genre":"fiction","price":30,"stock":1,"title":"Meri teessri","updatedAt":"2023-07-28T12:31:11.229Z"},"timestamp":"2023-08-01T06:33:23.450Z"}
{"level":"info","message":"in buy book else condition","timestamp":"2023-08-01T06:33:23.454Z"}
{"level":"info","message":" at line 117 done:","timestamp":"2023-08-01T06:33:23.456Z"}
{"level":"info","message":"Wrong Details of card","timestamp":"2023-08-01T06:33:24.005Z"}
{"level":"info","message":"to check stock after updating holder:","timestamp":"2023-08-01T06:33:24.007Z"}
{"level":"info","message":"Saved","timestamp":"2023-08-01T06:33:24.008Z"}
{"level":"info","message":{"__v":0,"_id":"64c358433bdfed877ac71b6a","author":"Gatsby","createdAt":"2023-07-28T05:55:15.823Z","genre":"fiction","price":30,"stock":1,"title":"Meri teessri","updatedAt":"2023-07-28T12:31:11.229Z"},"timestamp":"2023-08-01T06:34:56.084Z"}
{"level":"info","message":"in buy book else condition","timestamp":"2023-08-01T06:34:56.086Z"}
{"level":"info","message":" at line 117 done:","timestamp":"2023-08-01T06:34:56.087Z"}
{"level":"info","message":{"__v":0,"_id":"64c358433bdfed877ac71b6a","author":"Gatsby","createdAt":"2023-07-28T05:55:15.823Z","genre":"fiction","price":30,"stock":1,"title":"Meri teessri","updatedAt":"2023-07-28T12:31:11.229Z"},"timestamp":"2023-08-01T06:36:59.015Z"}
{"level":"info","message":"in buy book else condition","timestamp":"2023-08-01T06:36:59.018Z"}
{"level":"info","message":" at line 117 done:","timestamp":"2023-08-01T06:36:59.019Z"}
{"level":"info","message":"Wrong Details of card","timestamp":"2023-08-01T06:36:59.597Z"}
{"level":"info","message":"to check stock after updating holder:","timestamp":"2023-08-01T06:36:59.600Z"}
{"level":"info","message":"Saved","timestamp":"2023-08-01T06:36:59.601Z"}
{"level":"info","message":{"__v":0,"_id":"64c358433bdfed877ac71b6a","author":"Gatsby","createdAt":"2023-07-28T05:55:15.823Z","genre":"fiction","price":30,"stock":1,"title":"Meri teessri","updatedAt":"2023-07-28T12:31:11.229Z"},"timestamp":"2023-08-01T06:44:12.257Z"}
{"level":"info","message":"in buy book else condition","timestamp":"2023-08-01T06:44:12.260Z"}
{"level":"info","message":" at line 117 done:","timestamp":"2023-08-01T06:44:12.262Z"}
{"level":"info","message":"Wrong Details of card","timestamp":"2023-08-01T06:44:13.011Z"}
{"level":"info","message":"to check stock after updating holder:","timestamp":"2023-08-01T06:44:13.015Z"}
{"level":"info","message":"Saved","timestamp":"2023-08-01T06:44:13.015Z"}
{"level":"info","message":{"__v":0,"_id":"64c358433bdfed877ac71b6a","author":"Gatsby","createdAt":"2023-07-28T05:55:15.823Z","genre":"fiction","price":30,"stock":1,"title":"Meri teessri","updatedAt":"2023-07-28T12:31:11.229Z"},"timestamp":"2023-08-01T06:44:44.095Z"}
{"level":"info","message":"in buy book else condition","timestamp":"2023-08-01T06:44:44.106Z"}
{"level":"info","message":" at line 117 done:","timestamp":"2023-08-01T06:44:44.108Z"}
{"level":"info","message":{"__v":0,"_id":"64c358433bdfed877ac71b6a","author":"Gatsby","createdAt":"2023-07-28T05:55:15.823Z","genre":"fiction","price":30,"stock":1,"title":"Meri teessri","updatedAt":"2023-07-28T12:31:11.229Z"},"timestamp":"2023-08-01T06:44:58.040Z"}
{"level":"info","message":"in buy book else condition","timestamp":"2023-08-01T06:44:58.045Z"}
{"level":"info","message":" at line 117 done:","timestamp":"2023-08-01T06:44:58.047Z"}
{"level":"info","message":"Wrong Details of card","timestamp":"2023-08-01T06:44:58.852Z"}
{"level":"info","message":"to check stock after updating holder:","timestamp":"2023-08-01T06:44:58.856Z"}
{"level":"info","message":"Saved","timestamp":"2023-08-01T06:44:58.857Z"}
{"level":"info","message":{"__v":0,"_id":"64c358433bdfed877ac71b6a","author":"Gatsby","createdAt":"2023-07-28T05:55:15.823Z","genre":"fiction","price":30,"stock":1,"title":"Meri teessri","updatedAt":"2023-07-28T12:31:11.229Z"},"timestamp":"2023-08-01T06:45:32.486Z"}
{"level":"info","message":"in buy book else condition","timestamp":"2023-08-01T06:45:32.489Z"}
{"level":"info","message":" at line 117 done:","timestamp":"2023-08-01T06:45:32.491Z"}
{"level":"info","message":"Wrong Details of card","timestamp":"2023-08-01T06:45:34.711Z"}
{"level":"info","message":"to check stock after updating holder:","timestamp":"2023-08-01T06:45:34.714Z"}
{"level":"info","message":"Saved","timestamp":"2023-08-01T06:45:34.714Z"}
{"level":"info","message":{"__v":0,"_id":"64c358433bdfed877ac71b6a","author":"Gatsby","createdAt":"2023-07-28T05:55:15.823Z","genre":"fiction","price":30,"stock":1,"title":"Meri teessri","updatedAt":"2023-07-28T12:31:11.229Z"},"timestamp":"2023-08-01T06:46:50.446Z"}
{"level":"info","message":"in buy book else condition","timestamp":"2023-08-01T06:46:50.450Z"}
{"level":"info","message":" at line 117 done:","timestamp":"2023-08-01T06:46:50.451Z"}
{"level":"info","message":"Wrong Details of card","timestamp":"2023-08-01T06:46:51.001Z"}
{"level":"info","message":"to check stock after updating holder:","timestamp":"2023-08-01T06:46:51.005Z"}
{"level":"info","message":"Saved","timestamp":"2023-08-01T06:46:51.005Z"}
{"level":"info","message":{"__v":0,"_id":"64c358433bdfed877ac71b6a","author":"Gatsby","createdAt":"2023-07-28T05:55:15.823Z","genre":"fiction","price":30,"stock":1,"title":"Meri teessri","updatedAt":"2023-07-28T12:31:11.229Z"},"timestamp":"2023-08-01T06:49:49.239Z"}
{"level":"info","message":"in buy book else condition","timestamp":"2023-08-01T06:49:49.242Z"}
{"level":"info","message":" at line 117 done:","timestamp":"2023-08-01T06:49:49.244Z"}
{"level":"info","message":"Wrong Details of card","timestamp":"2023-08-01T06:49:51.107Z"}
{"level":"info","message":"to check stock after updating holder:","timestamp":"2023-08-01T06:49:51.110Z"}
{"level":"info","message":"Saved","timestamp":"2023-08-01T06:49:51.111Z"}
{"level":"info","message":{"__v":0,"_id":"64c358433bdfed877ac71b6a","author":"Gatsby","createdAt":"2023-07-28T05:55:15.823Z","genre":"fiction","price":30,"stock":1,"title":"Meri teessri","updatedAt":"2023-07-28T12:31:11.229Z"},"timestamp":"2023-08-01T10:35:36.348Z"}
{"level":"info","message":"in buy book else condition","timestamp":"2023-08-01T10:35:36.351Z"}
{"level":"info","message":" at line 117 done:","timestamp":"2023-08-01T10:35:36.353Z"}
{"level":"info","message":"Wrong Details of card","timestamp":"2023-08-01T10:35:38.305Z"}
{"level":"info","message":"to check stock after updating holder:","timestamp":"2023-08-01T10:35:38.308Z"}
{"level":"info","message":"Saved","timestamp":"2023-08-01T10:35:38.308Z"}
{"level":"info","message":{"__v":0,"_id":"64c358433bdfed877ac71b6a","author":"Gatsby","createdAt":"2023-07-28T05:55:15.823Z","genre":"fiction","price":30,"stock":1,"title":"Meri teessri","updatedAt":"2023-07-28T12:31:11.229Z"},"timestamp":"2023-08-01T10:38:15.383Z"}
{"level":"info","message":"in buy book else condition","timestamp":"2023-08-01T10:38:15.386Z"}
{"level":"info","message":" at line 117 done:","timestamp":"2023-08-01T10:38:15.388Z"}
{"level":"info","message":"Wrong Details of card","timestamp":"2023-08-01T10:38:15.951Z"}
{"level":"info","message":"to check stock after updating holder:","timestamp":"2023-08-01T10:38:15.954Z"}
{"level":"info","message":"Saved","timestamp":"2023-08-01T10:38:15.954Z"}
{"kind":"ObjectId","level":"warn","message":"Wrong book id Cast to ObjectId failed for value \"64c358433bdfed877ac71b6\" (type string) at path \"_id\" for model \"Books\"","path":"_id","reason":{},"stack":"CastError: Cast to ObjectId failed for value \"64c358433bdfed877ac71b6\" (type string) at path \"_id\" for model \"Books\"\n    at ObjectId.cast (/Users/lavish.singhal/demoo_filr/node-js_course/Bookstore_REST_APi_server/Nodejs Assignment/node_modules/mongoose/lib/schema/objectid.js:250:11)\n    at SchemaType.applySetters (/Users/lavish.singhal/demoo_filr/node-js_course/Bookstore_REST_APi_server/Nodejs Assignment/node_modules/mongoose/lib/schematype.js:1220:12)\n    at SchemaType.castForQuery (/Users/lavish.singhal/demoo_filr/node-js_course/Bookstore_REST_APi_server/Nodejs Assignment/node_modules/mongoose/lib/schematype.js:1632:15)\n    at cast (/Users/lavish.singhal/demoo_filr/node-js_course/Bookstore_REST_APi_server/Nodejs Assignment/node_modules/mongoose/lib/cast.js:356:32)\n    at Query.cast (/Users/lavish.singhal/demoo_filr/node-js_course/Bookstore_REST_APi_server/Nodejs Assignment/node_modules/mongoose/lib/query.js:4900:12)\n    at Query._castConditions (/Users/lavish.singhal/demoo_filr/node-js_course/Bookstore_REST_APi_server/Nodejs Assignment/node_modules/mongoose/lib/query.js:2223:10)\n    at model.Query._findOne (/Users/lavish.singhal/demoo_filr/node-js_course/Bookstore_REST_APi_server/Nodejs Assignment/node_modules/mongoose/lib/query.js:2510:8)\n    at model.Query.exec (/Users/lavish.singhal/demoo_filr/node-js_course/Bookstore_REST_APi_server/Nodejs Assignment/node_modules/mongoose/lib/query.js:4419:28)\n    at process.processTicksAndRejections (node:internal/process/task_queues:95:5)\n    at async /Users/lavish.singhal/demoo_filr/node-js_course/Bookstore_REST_APi_server/Nodejs Assignment/routers/books.js:104:17","stringValue":"\"64c358433bdfed877ac71b6\"","timestamp":"2023-08-01T10:38:39.660Z","value":"64c358433bdfed877ac71b6","valueType":"string"}
{"kind":"ObjectId","level":"warn","message":"Wrong book id Cast to ObjectId failed for value \"64c358433bdfed877ac71b6\" (type string) at path \"_id\" for model \"Books\"","path":"_id","reason":{},"stack":"CastError: Cast to ObjectId failed for value \"64c358433bdfed877ac71b6\" (type string) at path \"_id\" for model \"Books\"\n    at ObjectId.cast (/Users/lavish.singhal/demoo_filr/node-js_course/Bookstore_REST_APi_server/Nodejs Assignment/node_modules/mongoose/lib/schema/objectid.js:250:11)\n    at SchemaType.applySetters (/Users/lavish.singhal/demoo_filr/node-js_course/Bookstore_REST_APi_server/Nodejs Assignment/node_modules/mongoose/lib/schematype.js:1220:12)\n    at SchemaType.castForQuery (/Users/lavish.singhal/demoo_filr/node-js_course/Bookstore_REST_APi_server/Nodejs Assignment/node_modules/mongoose/lib/schematype.js:1632:15)\n    at cast (/Users/lavish.singhal/demoo_filr/node-js_course/Bookstore_REST_APi_server/Nodejs Assignment/node_modules/mongoose/lib/cast.js:356:32)\n    at Query.cast (/Users/lavish.singhal/demoo_filr/node-js_course/Bookstore_REST_APi_server/Nodejs Assignment/node_modules/mongoose/lib/query.js:4900:12)\n    at Query._castConditions (/Users/lavish.singhal/demoo_filr/node-js_course/Bookstore_REST_APi_server/Nodejs Assignment/node_modules/mongoose/lib/query.js:2223:10)\n    at model.Query._findOne (/Users/lavish.singhal/demoo_filr/node-js_course/Bookstore_REST_APi_server/Nodejs Assignment/node_modules/mongoose/lib/query.js:2510:8)\n    at model.Query.exec (/Users/lavish.singhal/demoo_filr/node-js_course/Bookstore_REST_APi_server/Nodejs Assignment/node_modules/mongoose/lib/query.js:4419:28)\n    at process.processTicksAndRejections (node:internal/process/task_queues:95:5)\n    at async /Users/lavish.singhal/demoo_filr/node-js_course/Bookstore_REST_APi_server/Nodejs Assignment/routers/books.js:104:17","stringValue":"\"64c358433bdfed877ac71b6\"","timestamp":"2023-08-01T10:39:36.913Z","value":"64c358433bdfed877ac71b6","valueType":"string"}
{"level":"info","message":{"__v":0,"_id":"64c358433bdfed877ac71b6a","author":"Gatsby","createdAt":"2023-07-28T05:55:15.823Z","genre":"fiction","price":30,"stock":1,"title":"Meri teessri","updatedAt":"2023-07-28T12:31:11.229Z"},"timestamp":"2023-08-01T10:39:43.140Z"}
{"level":"info","message":"in buy book else condition","timestamp":"2023-08-01T10:39:43.141Z"}
{"level":"info","message":" at line 117 done:","timestamp":"2023-08-01T10:39:43.146Z"}
{"level":"info","message":"Wrong Details of card","timestamp":"2023-08-01T10:39:43.692Z"}
{"level":"info","message":"to check stock after updating holder:","timestamp":"2023-08-01T10:39:43.693Z"}
{"level":"info","message":"Saved","timestamp":"2023-08-01T10:39:43.693Z"}
{"level":"info","message":{"__v":0,"_id":"64c358433bdfed877ac71b6a","author":"Gatsby","createdAt":"2023-07-28T05:55:15.823Z","genre":"fiction","price":30,"stock":1,"title":"Meri teessri","updatedAt":"2023-07-28T12:31:11.229Z"},"timestamp":"2023-08-01T10:40:42.438Z"}
{"level":"info","message":"in buy book else condition","timestamp":"2023-08-01T10:40:42.441Z"}
{"level":"info","message":" at line 117 done:","timestamp":"2023-08-01T10:40:42.442Z"}
{"level":"info","message":"Wrong Details of card","timestamp":"2023-08-01T10:40:42.993Z"}
{"level":"info","message":"to check stock after updating holder:","timestamp":"2023-08-01T10:40:42.995Z"}
{"level":"info","message":"Saved","timestamp":"2023-08-01T10:40:42.996Z"}
{"level":"info","message":{"__v":0,"_id":"64c358433bdfed877ac71b6a","author":"Gatsby","createdAt":"2023-07-28T05:55:15.823Z","genre":"fiction","price":30,"stock":1,"title":"Meri teessri","updatedAt":"2023-07-28T12:31:11.229Z"},"timestamp":"2023-08-01T10:41:44.509Z"}
{"level":"info","message":"in buy book else condition","timestamp":"2023-08-01T10:41:44.511Z"}
{"level":"info","message":" at line 117 done:","timestamp":"2023-08-01T10:41:44.512Z"}
{"level":"info","message":"Wrong Details of card","timestamp":"2023-08-01T10:41:45.202Z"}
{"level":"info","message":"to check stock after updating holder:","timestamp":"2023-08-01T10:41:45.204Z"}
{"level":"info","message":"Saved","timestamp":"2023-08-01T10:41:45.205Z"}
{"level":"info","message":{"__v":0,"_id":"64c358433bdfed877ac71b6a","author":"Gatsby","createdAt":"2023-07-28T05:55:15.823Z","genre":"fiction","price":30,"stock":1,"title":"Meri teessri","updatedAt":"2023-07-28T12:31:11.229Z"},"timestamp":"2023-08-01T10:53:05.622Z"}
{"level":"info","message":"in buy book else condition","timestamp":"2023-08-01T10:53:05.624Z"}
{"level":"info","message":" at line 117 done:","timestamp":"2023-08-01T10:53:05.625Z"}
{"level":"info","message":{"__v":0,"_id":"64c358433bdfed877ac71b6a","author":"Gatsby","createdAt":"2023-07-28T05:55:15.823Z","genre":"fiction","price":30,"stock":1,"title":"Meri teessri","updatedAt":"2023-07-28T12:31:11.229Z"},"timestamp":"2023-08-01T12:37:02.043Z"}
{"level":"info","message":"in buy book else condition","timestamp":"2023-08-01T12:37:02.044Z"}
{"level":"info","message":" at line 117 done:","timestamp":"2023-08-01T12:37:02.045Z"}
{"level":"info","message":{"__v":0,"_id":"64c358433bdfed877ac71b6a","author":"Gatsby","createdAt":"2023-07-28T05:55:15.823Z","genre":"fiction","price":30,"stock":1,"title":"Meri teessri","updatedAt":"2023-07-28T12:31:11.229Z"},"timestamp":"2023-08-01T12:37:23.916Z"}
{"level":"info","message":"in buy book else condition","timestamp":"2023-08-01T12:37:23.919Z"}
{"level":"info","message":" at line 117 done:","timestamp":"2023-08-01T12:37:23.922Z"}
{"level":"info","message":{"__v":0,"_id":"64c358433bdfed877ac71b6a","author":"Gatsby","createdAt":"2023-07-28T05:55:15.823Z","genre":"fiction","price":30,"stock":1,"title":"Meri teessri","updatedAt":"2023-07-28T12:31:11.229Z"},"timestamp":"2023-08-01T12:37:35.917Z"}
{"level":"info","message":"in buy book else condition","timestamp":"2023-08-01T12:37:35.920Z"}
{"level":"info","message":" at line 117 done:","timestamp":"2023-08-01T12:37:35.923Z"}
{"level":"info","message":{"__v":0,"_id":"64c358433bdfed877ac71b6a","author":"Gatsby","createdAt":"2023-07-28T05:55:15.823Z","genre":"fiction","price":30,"stock":1,"title":"Meri teessri","updatedAt":"2023-07-28T12:31:11.229Z"},"timestamp":"2023-08-01T12:38:02.108Z"}
{"level":"info","message":{"__v":0,"_id":"64c358433bdfed877ac71b6a","author":"Gatsby","createdAt":"2023-07-28T05:55:15.823Z","genre":"fiction","price":30,"stock":1,"title":"Meri teessri","updatedAt":"2023-07-28T12:31:11.229Z"},"timestamp":"2023-08-01T12:38:33.628Z"}
{"level":"info","message":"in buy book else condition","timestamp":"2023-08-01T12:38:33.631Z"}
{"level":"info","message":" at line 117 done:","timestamp":"2023-08-01T12:38:33.633Z"}
{"level":"error","message":"options.uri is a required argument","timestamp":"2023-08-01T12:38:33.637Z"}
{"level":"info","message":"to check stock after updating holder:","timestamp":"2023-08-01T12:38:33.639Z"}
{"level":"info","message":"Saved","timestamp":"2023-08-01T12:38:33.640Z"}
{"level":"info","message":{"__v":0,"_id":"64c358433bdfed877ac71b6a","author":"Gatsby","createdAt":"2023-07-28T05:55:15.823Z","genre":"fiction","price":30,"stock":1,"title":"Meri teessri","updatedAt":"2023-07-28T12:31:11.229Z"},"timestamp":"2023-08-01T12:44:22.951Z"}
{"level":"info","message":"in buy book else condition","timestamp":"2023-08-01T12:44:22.954Z"}
{"level":"info","message":" at line 117 done:","timestamp":"2023-08-01T12:44:22.955Z"}
{"level":"info","message":{"__v":0,"_id":"64c358433bdfed877ac71b6a","author":"Gatsby","createdAt":"2023-07-28T05:55:15.823Z","genre":"fiction","price":30,"stock":1,"title":"Meri teessri","updatedAt":"2023-07-28T12:31:11.229Z"},"timestamp":"2023-08-01T12:45:44.436Z"}
{"level":"info","message":"in buy book else condition","timestamp":"2023-08-01T12:45:44.437Z"}
{"level":"info","message":" at line 117 done:","timestamp":"2023-08-01T12:45:44.438Z"}
{"level":"info","message":{"__v":0,"_id":"64c358433bdfed877ac71b6a","author":"Gatsby","createdAt":"2023-07-28T05:55:15.823Z","genre":"fiction","price":30,"stock":1,"title":"Meri teessri","updatedAt":"2023-07-28T12:31:11.229Z"},"timestamp":"2023-08-01T12:46:35.871Z"}
{"level":"info","message":"in buy book else condition","timestamp":"2023-08-01T12:46:35.873Z"}
{"level":"info","message":" at line 117 done:","timestamp":"2023-08-01T12:46:35.874Z"}
{"level":"info","message":{"__v":0,"_id":"64c358433bdfed877ac71b6a","author":"Gatsby","createdAt":"2023-07-28T05:55:15.823Z","genre":"fiction","price":30,"stock":1,"title":"Meri teessri","updatedAt":"2023-07-28T12:31:11.229Z"},"timestamp":"2023-08-01T12:47:01.540Z"}
{"level":"info","message":"in buy book else condition","timestamp":"2023-08-01T12:47:01.542Z"}
{"level":"info","message":" at line 117 done:","timestamp":"2023-08-01T12:47:01.544Z"}
{"code":"ERR_HTTP_INVALID_STATUS_CODE","level":"warn","message":"Wrong book id Invalid status code: hhh","stack":"RangeError [ERR_HTTP_INVALID_STATUS_CODE]: Invalid status code: hhh\n    at new NodeError (node:internal/errors:405:5)\n    at ServerResponse.writeHead (node:_http_server:352:11)\n    at ServerResponse._implicitHeader (node:_http_server:338:8)\n    at write_ (node:_http_outgoing:919:9)\n    at ServerResponse.end (node:_http_outgoing:1030:5)\n    at ServerResponse.send (/Users/lavish.singhal/demoo_filr/node-js_course/Bookstore_REST_APi_server/Nodejs Assignment/node_modules/express/lib/response.js:232:10)\n    at ServerResponse.json (/Users/lavish.singhal/demoo_filr/node-js_course/Bookstore_REST_APi_server/Nodejs Assignment/node_modules/express/lib/response.js:278:15)\n    at ServerResponse.send (/Users/lavish.singhal/demoo_filr/node-js_course/Bookstore_REST_APi_server/Nodejs Assignment/node_modules/express/lib/response.js:162:21)\n    at /Users/lavish.singhal/demoo_filr/node-js_course/Bookstore_REST_APi_server/Nodejs Assignment/routers/books.js:184:25\n    at process.processTicksAndRejections (node:internal/process/task_queues:95:5)","timestamp":"2023-08-01T12:47:01.548Z"}
{"level":"info","message":{"__v":0,"_id":"64c358433bdfed877ac71b6a","author":"Gatsby","createdAt":"2023-07-28T05:55:15.823Z","genre":"fiction","price":30,"stock":1,"title":"Meri teessri","updatedAt":"2023-07-28T12:31:11.229Z"},"timestamp":"2023-08-01T12:47:35.073Z"}
{"level":"info","message":"in buy book else condition","timestamp":"2023-08-01T12:47:35.076Z"}
{"level":"info","message":" at line 117 done:","timestamp":"2023-08-01T12:47:35.078Z"}
{"level":"info","message":{"__v":0,"_id":"64c358433bdfed877ac71b6a","author":"Gatsby","createdAt":"2023-07-28T05:55:15.823Z","genre":"fiction","price":30,"stock":1,"title":"Meri teessri","updatedAt":"2023-07-28T12:31:11.229Z"},"timestamp":"2023-08-01T12:48:04.223Z"}
{"level":"info","message":"in buy book else condition","timestamp":"2023-08-01T12:48:04.225Z"}
{"level":"info","message":" at line 117 done:","timestamp":"2023-08-01T12:48:04.227Z"}
{"level":"info","message":{"__v":0,"_id":"64c358433bdfed877ac71b6a","author":"Gatsby","createdAt":"2023-07-28T05:55:15.823Z","genre":"fiction","price":30,"stock":1,"title":"Meri teessri","updatedAt":"2023-07-28T12:31:11.229Z"},"timestamp":"2023-08-01T12:53:49.919Z"}
{"level":"info","message":"in buy book else condition","timestamp":"2023-08-01T12:53:49.921Z"}
{"level":"info","message":" at line 117 done:","timestamp":"2023-08-01T12:53:49.923Z"}
{"level":"info","message":"Wrong Details of card","timestamp":"2023-08-01T12:53:52.280Z"}
{"level":"info","message":"to check stock after updating holder:","timestamp":"2023-08-01T12:53:52.281Z"}
{"level":"info","message":"Saved","timestamp":"2023-08-01T12:53:52.282Z"}
{"level":"info","message":{"__v":0,"_id":"64c358433bdfed877ac71b6a","author":"Gatsby","createdAt":"2023-07-28T05:55:15.823Z","genre":"fiction","price":30,"stock":1,"title":"Meri teessri","updatedAt":"2023-07-28T12:31:11.229Z"},"timestamp":"2023-08-01T12:57:22.783Z"}
{"level":"info","message":"in buy book else condition","timestamp":"2023-08-01T12:57:22.784Z"}
{"level":"info","message":" at line 117 done:","timestamp":"2023-08-01T12:57:22.785Z"}
{"level":"info","message":"Wrong Details of card","timestamp":"2023-08-01T12:57:23.542Z"}
{"level":"info","message":"to check stock after updating holder:","timestamp":"2023-08-01T12:57:23.545Z"}
{"level":"info","message":"Saved","timestamp":"2023-08-01T12:57:23.545Z"}
{"level":"info","message":{"__v":0,"_id":"64c358433bdfed877ac71b6a","author":"Gatsby","createdAt":"2023-07-28T05:55:15.823Z","genre":"fiction","price":30,"stock":1,"title":"Meri teessri","updatedAt":"2023-07-28T12:31:11.229Z"},"timestamp":"2023-08-01T12:58:04.516Z"}
{"level":"info","message":"in buy book else condition","timestamp":"2023-08-01T12:58:04.527Z"}
{"level":"info","message":" at line 117 done:","timestamp":"2023-08-01T12:58:04.530Z"}
{"level":"info","message":"Wrong Details of card","timestamp":"2023-08-01T12:58:05.178Z"}
{"level":"info","message":"to check stock after updating holder:","timestamp":"2023-08-01T12:58:05.183Z"}
{"level":"info","message":"Saved","timestamp":"2023-08-01T12:58:05.183Z"}
{"level":"info","message":{"__v":0,"_id":"64c358433bdfed877ac71b6a","author":"Gatsby","createdAt":"2023-07-28T05:55:15.823Z","genre":"fiction","price":30,"stock":1,"title":"Meri teessri","updatedAt":"2023-07-28T12:31:11.229Z"},"timestamp":"2023-08-01T12:59:26.348Z"}
{"level":"info","message":{"__v":0,"_id":"64c358433bdfed877ac71b6a","author":"Gatsby","createdAt":"2023-07-28T05:55:15.823Z","genre":"fiction","price":30,"stock":1,"title":"Meri teessri","updatedAt":"2023-07-28T12:31:11.229Z"},"timestamp":"2023-08-01T12:59:41.876Z"}
{"level":"info","message":"in buy book else condition","timestamp":"2023-08-01T12:59:41.879Z"}
{"level":"info","message":" at line 117 done:","timestamp":"2023-08-01T12:59:41.881Z"}
{"level":"error","message":"options.uri is a required argument","timestamp":"2023-08-01T12:59:41.884Z"}
{"level":"info","message":"to check stock after updating holder:","timestamp":"2023-08-01T12:59:41.885Z"}
{"level":"info","message":"Saved","timestamp":"2023-08-01T12:59:41.885Z"}
{"level":"info","message":{"__v":0,"_id":"64c358433bdfed877ac71b6a","author":"Gatsby","createdAt":"2023-07-28T05:55:15.823Z","genre":"fiction","price":30,"stock":1,"title":"Meri teessri","updatedAt":"2023-07-28T12:31:11.229Z"},"timestamp":"2023-08-01T13:00:02.918Z"}
{"level":"info","message":"in buy book else condition","timestamp":"2023-08-01T13:00:02.920Z"}
{"level":"info","message":" at line 117 done:","timestamp":"2023-08-01T13:00:02.921Z"}
{"level":"error","message":"options.uri is a required argument","timestamp":"2023-08-01T13:00:02.922Z"}
{"level":"info","message":"to check stock after updating holder:","timestamp":"2023-08-01T13:00:02.924Z"}
{"level":"info","message":"Saved","timestamp":"2023-08-01T13:00:02.924Z"}
{"level":"info","message":{"__v":0,"_id":"64c358433bdfed877ac71b6a","author":"Gatsby","createdAt":"2023-07-28T05:55:15.823Z","genre":"fiction","price":30,"stock":1,"title":"Meri teessri","updatedAt":"2023-07-28T12:31:11.229Z"},"timestamp":"2023-08-01T13:00:50.905Z"}
{"level":"info","message":"in buy book else condition","timestamp":"2023-08-01T13:00:50.906Z"}
{"level":"info","message":" at line 117 done:","timestamp":"2023-08-01T13:00:50.907Z"}
{"level":"info","message":{"__v":0,"_id":"64c358433bdfed877ac71b6a","author":"Gatsby","createdAt":"2023-07-28T05:55:15.823Z","genre":"fiction","price":30,"stock":1,"title":"Meri teessri","updatedAt":"2023-07-28T12:31:11.229Z"},"timestamp":"2023-08-01T13:01:29.120Z"}
{"level":"info","message":"in buy book else condition","timestamp":"2023-08-01T13:01:29.122Z"}
{"level":"info","message":" at line 117 done:","timestamp":"2023-08-01T13:01:29.123Z"}
{"level":"info","message":{"__v":0,"_id":"64c358433bdfed877ac71b6a","author":"Gatsby","createdAt":"2023-07-28T05:55:15.823Z","genre":"fiction","price":30,"stock":1,"title":"Meri teessri","updatedAt":"2023-07-28T12:31:11.229Z"},"timestamp":"2023-08-01T13:09:56.341Z"}
{"level":"info","message":"in buy book else condition","timestamp":"2023-08-01T13:09:56.343Z"}
{"level":"info","message":" at line 117 done:","timestamp":"2023-08-01T13:09:56.345Z"}
{"level":"info","message":"Done","timestamp":"2023-08-01T13:09:56.959Z"}
{"level":"info","message":"after complete transaction -> bookid:","timestamp":"2023-08-01T13:09:56.962Z"}
{"level":"info","message":"to check stock after updating holder:","timestamp":"2023-08-01T13:09:56.962Z"}
{"level":"info","message":"Saved","timestamp":"2023-08-01T13:09:56.963Z"}
{"level":"info","message":{"__v":0,"_id":"64c358433bdfed877ac71b6a","author":"Gatsby","createdAt":"2023-07-28T05:55:15.823Z","genre":"fiction","price":30,"stock":1,"title":"Meri teessri","updatedAt":"2023-07-28T12:31:11.229Z"},"timestamp":"2023-08-01T13:10:15.955Z"}
{"level":"info","message":"in buy book else condition","timestamp":"2023-08-01T13:10:15.956Z"}
{"level":"info","message":" at line 117 done:","timestamp":"2023-08-01T13:10:15.957Z"}
{"level":"info","message":"Done","timestamp":"2023-08-01T13:10:16.600Z"}
{"level":"info","message":"after complete transaction -> bookid:","timestamp":"2023-08-01T13:10:16.603Z"}
{"level":"info","message":"to check stock after updating holder:","timestamp":"2023-08-01T13:10:16.603Z"}
{"level":"info","message":"Saved","timestamp":"2023-08-01T13:10:16.604Z"}
{"level":"info","message":{"__v":0,"_id":"64c358433bdfed877ac71b6a","author":"Gatsby","createdAt":"2023-07-28T05:55:15.823Z","genre":"fiction","price":30,"stock":1,"title":"Meri teessri","updatedAt":"2023-07-28T12:31:11.229Z"},"timestamp":"2023-08-01T13:11:23.871Z"}
{"level":"info","message":"in buy book else condition","timestamp":"2023-08-01T13:11:23.873Z"}
{"level":"info","message":" at line 117 done:","timestamp":"2023-08-01T13:11:23.874Z"}
{"level":"info","message":"Done","timestamp":"2023-08-01T13:11:24.738Z"}
{"level":"info","message":"after complete transaction -> bookid:","timestamp":"2023-08-01T13:11:24.740Z"}
{"level":"info","message":"to check stock after updating holder:","timestamp":"2023-08-01T13:11:24.740Z"}
{"level":"info","message":"Saved","timestamp":"2023-08-01T13:11:24.740Z"}
{"level":"info","message":{"__v":0,"_id":"64c358433bdfed877ac71b6a","author":"Gatsby","createdAt":"2023-07-28T05:55:15.823Z","genre":"fiction","price":30,"stock":1,"title":"Meri teessri","updatedAt":"2023-07-28T12:31:11.229Z"},"timestamp":"2023-08-01T13:12:20.569Z"}
{"level":"info","message":"in buy book else condition","timestamp":"2023-08-01T13:12:20.571Z"}
{"level":"info","message":" at line 117 done:","timestamp":"2023-08-01T13:12:20.572Z"}
{"level":"info","message":"Done","timestamp":"2023-08-01T13:12:21.260Z"}
{"level":"info","message":"after complete transaction -> bookid:","timestamp":"2023-08-01T13:12:21.261Z"}
{"level":"info","message":"to check stock after updating holder:","timestamp":"2023-08-01T13:12:21.261Z"}
{"level":"info","message":"Saved","timestamp":"2023-08-01T13:12:21.261Z"}
{"level":"info","message":{"__v":0,"_id":"64c358433bdfed877ac71b6a","author":"Gatsby","createdAt":"2023-07-28T05:55:15.823Z","genre":"fiction","price":30,"stock":1,"title":"Meri teessri","updatedAt":"2023-07-28T12:31:11.229Z"},"timestamp":"2023-08-01T13:14:37.320Z"}
{"level":"info","message":"in buy book else condition","timestamp":"2023-08-01T13:14:37.321Z"}
{"level":"info","message":" at line 117 done:","timestamp":"2023-08-01T13:14:37.322Z"}
{"level":"info","message":"Done","timestamp":"2023-08-01T13:14:38.176Z"}
{"level":"info","message":"after complete transaction -> bookid:","timestamp":"2023-08-01T13:14:38.178Z"}
{"level":"info","message":"to check stock after updating holder:","timestamp":"2023-08-01T13:14:38.178Z"}
{"level":"info","message":"Saved","timestamp":"2023-08-01T13:14:38.179Z"}
{"level":"info","message":{"__v":0,"_id":"64c358433bdfed877ac71b6a","author":"Gatsby","createdAt":"2023-07-28T05:55:15.823Z","genre":"fiction","price":30,"stock":1,"title":"Meri teessri","updatedAt":"2023-07-28T12:31:11.229Z"},"timestamp":"2023-08-01T13:15:17.012Z"}
{"level":"info","message":"in buy book else condition","timestamp":"2023-08-01T13:15:17.014Z"}
{"level":"info","message":" at line 117 done:","timestamp":"2023-08-01T13:15:17.015Z"}
{"level":"info","message":"Done","timestamp":"2023-08-01T13:15:17.991Z"}
{"level":"info","message":"after complete transaction -> bookid:","timestamp":"2023-08-01T13:15:17.995Z"}
{"level":"info","message":"to check stock after updating holder:","timestamp":"2023-08-01T13:15:17.996Z"}
{"level":"info","message":"Saved","timestamp":"2023-08-01T13:15:17.996Z"}
{"level":"info","message":{"__v":0,"_id":"64c358433bdfed877ac71b6a","author":"Gatsby","createdAt":"2023-07-28T05:55:15.823Z","genre":"fiction","price":30,"stock":1,"title":"Meri teessri","updatedAt":"2023-07-28T12:31:11.229Z"},"timestamp":"2023-08-01T13:16:36.170Z"}
{"level":"info","message":"in buy book else condition","timestamp":"2023-08-01T13:16:36.172Z"}
{"level":"info","message":" at line 117 done:","timestamp":"2023-08-01T13:16:36.172Z"}
{"level":"info","message":"Done","timestamp":"2023-08-01T13:16:36.826Z"}
{"level":"info","message":"after complete transaction -> bookid: ${book.id} ","timestamp":"2023-08-01T13:16:36.830Z"}
{"level":"info","message":"to check stock after updating holder:","timestamp":"2023-08-01T13:16:36.831Z"}
{"level":"info","message":"Saved","timestamp":"2023-08-01T13:16:36.831Z"}
